Release 9.2.04i Map J.40
Xilinx Mapping Report File for Design 'PIC24'

Design Information
------------------
Command Line   : C:\Xilinx92i\bin\nt\map.exe -ise
C:/Users/ionut/Desktop/Buzduga_Ionut_Gabriel_CEN31B_Project/PIC24/PIC24.ise
-intstyle ise -p xc3s400-ft256-4 -cm area -pr b -k 4 -c 100 -o PIC24_map.ncd
PIC24.ngd PIC24.pcf 
Target Device  : xc3s400
Target Package : ft256
Target Speed   : -4
Mapper Version : spartan3 -- $Revision: 1.36 $
Mapped Date    : Wed Jan 19 19:42:27 2022

Design Summary
--------------
Number of errors:      0
Number of warnings:    3
Logic Utilization:
  Total Number Slice Registers:        32 out of   7,168    1%
    Number used as Flip Flops:                    15
    Number used as Latches:                       17
  Number of 4 input LUTs:             434 out of   7,168    6%
Logic Distribution:
  Number of occupied Slices:                          268 out of   3,584    7%
    Number of Slices containing only related logic:     268 out of     268  100%
    Number of Slices containing unrelated logic:          0 out of     268    0%
      *See NOTES below for an explanation of the effects of unrelated logic
Total Number of 4 input LUTs:            515 out of   7,168    7%
  Number used as logic:                434
  Number used as a route-thru:           1
  Number used for Dual Port RAMs:       64
    (Two LUTs used per Dual Port RAM)
  Number used as 16x1 RAMs:             16
  Number of bonded IOBs:               53 out of     173   30%
    IOB Flip Flops:                    19
  Number of GCLKs:                     1 out of       8   12%

Total equivalent gate count for design:  9,486
Additional JTAG gate count for IOBs:  2,544
Peak Memory Usage:  189 MB
Total REAL time to MAP completion:  2 secs 
Total CPU time to MAP completion:   0 secs 

NOTES:

   Related logic is defined as being logic that shares connectivity - e.g. two
   LUTs are "related" if they share common inputs.  When assembling slices,
   Map gives priority to combine logic that is related.  Doing so results in
   the best timing performance.

   Unrelated logic shares no connectivity.  Map will only begin packing
   unrelated logic into a slice once 99% of the slices are occupied through
   related logic packing.

   Note that once logic distribution reaches the 99% level through related
   logic packing, this does not mean the device is completely utilized.
   Unrelated logic packing will then begin, continuing until all usable LUTs
   and FFs are occupied.  Depending on your timing budget, increased levels of
   unrelated logic packing may adversely affect the overall timing performance
   of your design.

Table of Contents
-----------------
Section 1 - Errors
Section 2 - Warnings
Section 3 - Informational
Section 4 - Removed Logic Summary
Section 5 - Removed Logic
Section 6 - IOB Properties
Section 7 - RPMs
Section 8 - Guide Report
Section 9 - Area Group and Partition Summary
Section 10 - Modular Design Summary
Section 11 - Timing Report
Section 12 - Configuration String Information
Section 13 - Control Set Information

Section 1 - Errors
------------------

Section 2 - Warnings
--------------------
WARNING:LIT:243 - Logical network inst_Mram_mem2/SPO has no load.
WARNING:LIT:395 - The above warning message base_net_load_rule is repeated 31
   more times for the following (max. 5 shown):
   inst_Mram_mem/SPO,
   inst_Mram_mem1/SPO,
   inst_Mram_mem3/SPO,
   inst_Mram_mem4/SPO,
   inst_Mram_mem7/SPO
   To see the details of these warning messages, please use the -detail switch.
WARNING:PhysDesignRules:372 - Gated clock. Clock net RdData2<0> is sourced by a
   combinatorial pin. This is not good design practice. Use the CE pin to
   control the loading of data into the flip-flop.

Section 3 - Informational
-------------------------
INFO:MapLib:562 - No environment variables are currently set.
INFO:MapLib:863 - The following Virtex BUFG(s) is/are being retargeted to
   Virtex2 BUFGMUX(s) with input tied to I0 and Select pin tied to constant 0:
   BUFGP symbol "Clk_BUFGP" (output signal=Clk_BUFGP)
INFO:LIT:244 - All of the single ended outputs in this design are using slew
   rate limited output drivers. The delay on speed critical single ended outputs
   can be dramatically reduced by designating them as fast outputs in the
   schematic.

Section 4 - Removed Logic Summary
---------------------------------
   2 block(s) optimized away

Section 5 - Removed Logic
-------------------------

Optimized Block(s):
TYPE 		BLOCK
GND 		XST_GND
VCC 		XST_VCC

To enable printing of redundant blocks removed and signals merged, set the
detailed map report option and rerun map.

Section 6 - IOB Properties
--------------------------

+------------------------------------------------------------------------------------------------------------------------+
| IOB Name                           | Type    | Direction | IO Standard | Drive    | Slew | Reg (s)  | Resistor | IOB   |
|                                    |         |           |             | Strength | Rate |          |          | Delay |
+------------------------------------------------------------------------------------------------------------------------+
| C                                  | IOB     | OUTPUT    | LVCMOS25    | 12       | SLOW | OFF1     |          |       |
| Clk                                | IOB     | INPUT     | LVCMOS25    |          |      |          |          |       |
| INW0<0>                            | IOB     | INPUT     | LVCMOS25    |          |      |          |          |       |
| INW0<1>                            | IOB     | INPUT     | LVCMOS25    |          |      |          |          |       |
| INW0<2>                            | IOB     | INPUT     | LVCMOS25    |          |      |          |          |       |
| INW0<3>                            | IOB     | INPUT     | LVCMOS25    |          |      |          |          |       |
| INW0<4>                            | IOB     | INPUT     | LVCMOS25    |          |      |          |          |       |
| INW0<5>                            | IOB     | INPUT     | LVCMOS25    |          |      |          |          |       |
| INW0<6>                            | IOB     | INPUT     | LVCMOS25    |          |      |          |          |       |
| INW0<7>                            | IOB     | INPUT     | LVCMOS25    |          |      |          |          |       |
| INW0<8>                            | IOB     | INPUT     | LVCMOS25    |          |      |          |          |       |
| INW0<9>                            | IOB     | INPUT     | LVCMOS25    |          |      |          |          |       |
| INW0<10>                           | IOB     | INPUT     | LVCMOS25    |          |      |          |          |       |
| INW0<11>                           | IOB     | INPUT     | LVCMOS25    |          |      |          |          |       |
| INW0<12>                           | IOB     | INPUT     | LVCMOS25    |          |      |          |          |       |
| INW0<13>                           | IOB     | INPUT     | LVCMOS25    |          |      |          |          |       |
| INW0<14>                           | IOB     | INPUT     | LVCMOS25    |          |      |          |          |       |
| INW0<15>                           | IOB     | INPUT     | LVCMOS25    |          |      |          |          |       |
| INW1<0>                            | IOB     | INPUT     | LVCMOS25    |          |      |          |          |       |
| INW1<1>                            | IOB     | INPUT     | LVCMOS25    |          |      |          |          |       |
| INW1<2>                            | IOB     | INPUT     | LVCMOS25    |          |      |          |          |       |
| INW1<3>                            | IOB     | INPUT     | LVCMOS25    |          |      |          |          |       |
| INW1<4>                            | IOB     | INPUT     | LVCMOS25    |          |      |          |          |       |
| INW1<5>                            | IOB     | INPUT     | LVCMOS25    |          |      |          |          |       |
| INW1<6>                            | IOB     | INPUT     | LVCMOS25    |          |      |          |          |       |
| INW1<7>                            | IOB     | INPUT     | LVCMOS25    |          |      |          |          |       |
| INW1<8>                            | IOB     | INPUT     | LVCMOS25    |          |      |          |          |       |
| INW1<9>                            | IOB     | INPUT     | LVCMOS25    |          |      |          |          |       |
| INW1<10>                           | IOB     | INPUT     | LVCMOS25    |          |      |          |          |       |
| INW1<11>                           | IOB     | INPUT     | LVCMOS25    |          |      |          |          |       |
| INW1<12>                           | IOB     | INPUT     | LVCMOS25    |          |      |          |          |       |
| INW1<13>                           | IOB     | INPUT     | LVCMOS25    |          |      |          |          |       |
| INW1<14>                           | IOB     | INPUT     | LVCMOS25    |          |      |          |          |       |
| INW1<15>                           | IOB     | INPUT     | LVCMOS25    |          |      |          |          |       |
| N                                  | IOB     | OUTPUT    | LVCMOS25    | 12       | SLOW | OFF1     |          |       |
| OUTW0<0>                           | IOB     | OUTPUT    | LVCMOS25    | 12       | SLOW | OFF1     |          |       |
| OUTW0<1>                           | IOB     | OUTPUT    | LVCMOS25    | 12       | SLOW | OFF1     |          |       |
| OUTW0<2>                           | IOB     | OUTPUT    | LVCMOS25    | 12       | SLOW | OFF1     |          |       |
| OUTW0<3>                           | IOB     | OUTPUT    | LVCMOS25    | 12       | SLOW | OFF1     |          |       |
| OUTW0<4>                           | IOB     | OUTPUT    | LVCMOS25    | 12       | SLOW | OFF1     |          |       |
| OUTW0<5>                           | IOB     | OUTPUT    | LVCMOS25    | 12       | SLOW | OFF1     |          |       |
| OUTW0<6>                           | IOB     | OUTPUT    | LVCMOS25    | 12       | SLOW | OFF1     |          |       |
| OUTW0<7>                           | IOB     | OUTPUT    | LVCMOS25    | 12       | SLOW | OFF1     |          |       |
| OUTW0<8>                           | IOB     | OUTPUT    | LVCMOS25    | 12       | SLOW | OFF1     |          |       |
| OUTW0<9>                           | IOB     | OUTPUT    | LVCMOS25    | 12       | SLOW | OFF1     |          |       |
| OUTW0<10>                          | IOB     | OUTPUT    | LVCMOS25    | 12       | SLOW | OFF1     |          |       |
| OUTW0<11>                          | IOB     | OUTPUT    | LVCMOS25    | 12       | SLOW | OFF1     |          |       |
| OUTW0<12>                          | IOB     | OUTPUT    | LVCMOS25    | 12       | SLOW | OFF1     |          |       |
| OUTW0<13>                          | IOB     | OUTPUT    | LVCMOS25    | 12       | SLOW | OFF1     |          |       |
| OUTW0<14>                          | IOB     | OUTPUT    | LVCMOS25    | 12       | SLOW | OFF1     |          |       |
| OUTW0<15>                          | IOB     | OUTPUT    | LVCMOS25    | 12       | SLOW | OFF1     |          |       |
| OV                                 | IOB     | OUTPUT    | LVCMOS25    | 12       | SLOW | OFF1     |          |       |
| ZF                                 | IOB     | OUTPUT    | LVCMOS25    | 12       | SLOW |          |          |       |
+------------------------------------------------------------------------------------------------------------------------+

Section 7 - RPMs
----------------

Section 8 - Guide Report
------------------------
Guide not run on this design.

Section 9 - Area Group and Partition Summary
--------------------------------------------

Partition Implementation Status
-------------------------------

  No Partitions were found in this design.

-------------------------------

Area Group Information
----------------------

  No area groups were found in this design.


----------------------

Section 10 - Modular Design Summary
-----------------------------------
Modular Design not used for this design.

Section 11 - Timing Report
--------------------------
This design was not run using timing mode.

Section 12 - Configuration String Details
-----------------------------------------
Use the "-detail" map option to print out Configuration Strings

Section 13 - Control Set Information
------------------------------------
No control set information for this architecture.
